12:00:02 am ::-->> memoboard__Trace_LifeTime Session Saved
12:00:02 am ::-->> memoboard__U0FQSV9VU0VE Session Saved
12:07:23 am ::-->> memoboard__U0FQSV9VU0VE Session Saved
12:07:32 am ::-->> memoboard__U0FQSV9VU0VE Session Saved
12:14:02 am ::-->> memoboard__U0FQSV9VU0VE Session Saved
12:14:06 am ::-->> memoboard__U0FQSV9VU0VE Session Saved
12:15:00 am ::-->> memoboard__U0FQSV9VU0VE Session Saved
12:19:45 am ::-->> memoboard__Trace_LifeTime Session Saved
12:19:45 am ::-->> memoboard__U0FQSV9VU0VE Session Saved
12:20:07 am ::-->> memoboard__U0FQSV9VU0VE Session Saved
12:20:34 am ::-->> memoboard__U0FQSV9VU0VE Session Saved
12:20:37 am ::-->> memoboard__U0FQSV9VU0VE Session Saved
12:20:51 am ::-->> memoboard__U0FQSV9VU0VE Session Saved
12:22:24 am ::-->> memoboard__U0FQSV9VU0VE Session Saved
12:26:21 am ::-->> memoboard__U0FQSV9VU0VE Session Saved
12:27:00 am ::-->> memoboard__U0FQSV9VU0VE Session Saved
12:27:23 am ::-->> memoboard__U0FQSV9VU0VE Session Saved
12:29:32 am ::-->> memoboard__U0FQSV9VU0VE Session Saved
12:30:35 am ::-->> memoboard__U0FQSV9VU0VE Session Saved
12:31:08 am ::-->> memoboard__U0FQSV9VU0VE Session Saved
12:31:31 am ::-->> memoboard__U0FQSV9VU0VE Session Saved
12:31:43 am ::-->> memoboard__U0FQSV9VU0VE Session Saved
12:32:05 am ::-->> memoboard__U0FQSV9VU0VE Session Saved
12:32:09 am ::-->> memoboard__U0FQSV9VU0VE Session Saved
12:32:27 am ::-->> memoboard__U0FQSV9VU0VE Session Saved
12:32:35 am ::-->> memoboard__U0FQSV9VU0VE Session Saved
12:32:38 am ::-->> memoboard__U0FQSV9VU0VE Session Saved
12:33:44 am ::-->> memoboard__U0FQSV9VU0VE Session Saved
12:33:55 am ::-->> memoboard__U0FQSV9VU0VE Session Saved
12:34:29 am ::-->> memoboard__U0FQSV9VU0VE Session Saved
12:34:55 am ::-->> memoboard__Trace_LifeTime Session Saved
12:34:55 am ::-->> memoboard__U0FQSV9VU0VE Session Saved
12:34:56 am ::-->> memoboard__U0FQSV9VU0VE Session Saved
12:35:00 am ::-->> memoboard__U0FQSV9VU0VE Session Saved
12:35:13 am ::-->> memoboard__U0FQSV9VU0VE Session Saved
12:35:13 am ::-->> memoboard__username Session Saved
12:35:13 am ::-->> memoboard__QVVUSF9DRVJU Session Saved
12:35:13 am ::-->> memoboard__U0FQSV9VU0VE Session Saved
12:35:21 am ::-->> memoboard__U0FQSV9VU0VE Session Saved
12:35:31 am ::-->> memoboard__U0FQSV9VU0VE Session Saved
12:40:38 am ::-->> memoboard__U0FQSV9VU0VE Session Saved
12:42:01 am ::-->> memoboard__U0FQSV9VU0VE Session Saved
12:42:18 am ::-->> memoboard__U0FQSV9VU0VE Session Saved
12:42:18 am ::-->> memoboard__U0FQSV9VU0VE Session Saved
12:42:24 am ::-->> memoboard__U0FQSV9VU0VE Session Saved
12:42:46 am ::-->> memoboard__U0FQSV9VU0VE Session Saved
12:42:46 am ::-->> memoboard__username Session Saved
12:42:46 am ::-->> memoboard__QVVUSF9DRVJU Session Saved
12:42:46 am ::-->> memoboard__U0FQSV9VU0VE Session Saved
12:42:58 am ::-->> memoboard__U0FQSV9VU0VE Session Saved
12:45:00 am ::-->> memoboard__U0FQSV9VU0VE Session Saved
12:55:26 am ::-->> memoboard__Trace_LifeTime Session Saved
12:55:26 am ::-->> memoboard__U0FQSV9VU0VE Session Saved
12:56:17 am ::-->> memoboard__U0FQSV9VU0VE Session Saved
12:56:48 am ::-->> memoboard__U0FQSV9VU0VE Session Saved
12:56:54 am ::-->> memoboard__U0FQSV9VU0VE Session Saved
01:28:38 am ::-->> memoboard__Trace_LifeTime Session Saved
01:28:38 am ::-->> memoboard__U0FQSV9VU0VE Session Saved
01:29:40 am ::-->> memoboard__U0FQSV9VU0VE Session Saved
01:52:35 am ::-->> memoboard__Trace_LifeTime Session Saved
01:52:35 am ::-->> memoboard__U0FQSV9VU0VE Session Saved
01:52:38 am ::-->> memoboard__U0FQSV9VU0VE Session Saved
02:00:40 am ::-->> memoboard__U0FQSV9VU0VE Session Saved
02:08:41 am ::-->> memoboard__Trace_LifeTime Session Saved
02:08:41 am ::-->> memoboard__U0FQSV9VU0VE Session Saved
02:09:26 am ::-->> memoboard__U0FQSV9VU0VE Session Saved
02:09:54 am ::-->> memoboard__U0FQSV9VU0VE Session Saved
02:09:54 am ::-->> memoboard__emR4XzB4YzRfbGFzdF9pbnNlcnRfaW50b19tZW1vdGVtcGxhdGU= Session Saved
02:09:58 am ::-->> memoboard__U0FQSV9VU0VE Session Saved
02:10:09 am ::-->> memoboard__U0FQSV9VU0VE Session Saved
02:11:09 am ::-->> memoboard__U0FQSV9VU0VE Session Saved
02:11:37 am ::-->> memoboard__U0FQSV9VU0VE Session Saved
02:12:07 am ::-->> memoboard__U0FQSV9VU0VE Session Saved
02:32:21 am ::-->> memoboard__Trace_LifeTime Session Saved
02:32:21 am ::-->> memoboard__U0FQSV9VU0VE Session Saved
02:32:49 am ::-->> memoboard__U0FQSV9VU0VE Session Saved
02:34:48 am ::-->> memoboard__U0FQSV9VU0VE Session Saved
02:35:29 am ::-->> memoboard__U0FQSV9VU0VE Session Saved
02:43:19 am ::-->> memoboard__U0FQSV9VU0VE Session Saved
02:43:38 am ::-->> memoboard__U0FQSV9VU0VE Session Saved
02:44:26 am ::-->> memoboard__U0FQSV9VU0VE Session Saved
02:49:56 am ::-->> memoboard__Trace_LifeTime Session Saved
02:49:56 am ::-->> memoboard__U0FQSV9VU0VE Session Saved
02:52:31 am ::-->> memoboard__U0FQSV9VU0VE Session Saved
02:55:07 am ::-->> memoboard__U0FQSV9VU0VE Session Saved
02:56:51 am ::-->> memoboard__U0FQSV9VU0VE Session Saved
02:57:31 am ::-->> memoboard__U0FQSV9VU0VE Session Saved
02:58:05 am ::-->> memoboard__U0FQSV9VU0VE Session Saved
03:00:56 am ::-->> memoboard__U0FQSV9VU0VE Session Saved
03:01:04 am ::-->> memoboard__U0FQSV9VU0VE Session Saved
03:02:41 am ::-->> memoboard__U0FQSV9VU0VE Session Saved
03:03:02 am ::-->> memoboard__U0FQSV9VU0VE Session Saved
03:04:13 am ::-->> memoboard__U0FQSV9VU0VE Session Saved
03:05:35 am ::-->> memoboard__Trace_LifeTime Session Saved
03:05:35 am ::-->> memoboard__U0FQSV9VU0VE Session Saved
03:07:49 am ::-->> memoboard__U0FQSV9VU0VE Session Saved
03:08:11 am ::-->> memoboard__U0FQSV9VU0VE Session Saved
03:09:05 am ::-->> memoboard__U0FQSV9VU0VE Session Saved
03:09:11 am ::-->> memoboard__U0FQSV9VU0VE Session Saved
03:10:10 am ::-->> memoboard__U0FQSV9VU0VE Session Saved
03:18:41 am ::-->> memoboard__U0FQSV9VU0VE Session Saved
03:20:16 am ::-->> memoboard__U0FQSV9VU0VE Session Saved
03:21:45 am ::-->> memoboard__Trace_LifeTime Session Saved
03:21:45 am ::-->> memoboard__U0FQSV9VU0VE Session Saved
03:26:42 am ::-->> memoboard__U0FQSV9VU0VE Session Saved
03:28:36 am ::-->> memoboard__U0FQSV9VU0VE Session Saved
03:29:37 am ::-->> memoboard__U0FQSV9VU0VE Session Saved
03:29:50 am ::-->> memoboard__U0FQSV9VU0VE Session Saved
03:36:02 am ::-->> memoboard__U0FQSV9VU0VE Session Saved
03:36:09 am ::-->> memoboard__U0FQSV9VU0VE Session Saved
03:36:49 am ::-->> memoboard__Trace_LifeTime Session Saved
03:36:49 am ::-->> memoboard__U0FQSV9VU0VE Session Saved
03:37:05 am ::-->> memoboard__U0FQSV9VU0VE Session Saved
03:37:28 am ::-->> memoboard__U0FQSV9VU0VE Session Saved
03:38:03 am ::-->> memoboard__U0FQSV9VU0VE Session Saved
03:38:20 am ::-->> memoboard__U0FQSV9VU0VE Session Saved
03:38:26 am ::-->> memoboard__U0FQSV9VU0VE Session Saved
03:38:47 am ::-->> memoboard__U0FQSV9VU0VE Session Saved
03:39:05 am ::-->> memoboard__U0FQSV9VU0VE Session Saved
03:39:21 am ::-->> memoboard__U0FQSV9VU0VE Session Saved
03:40:24 am ::-->> memoboard__U0FQSV9VU0VE Session Saved
03:40:27 am ::-->> memoboard__U0FQSV9VU0VE Session Saved
03:40:48 am ::-->> memoboard__U0FQSV9VU0VE Session Saved
03:40:48 am ::-->> memoboard__emR4XzB4YzRfbGFzdF9pbnNlcnRfaW50b19tZW1vdGVtcGxhdGU= Session Saved
03:43:12 am ::-->> memoboard__U0FQSV9VU0VE Session Saved
03:43:47 am ::-->> memoboard__U0FQSV9VU0VE Session Saved
03:43:47 am ::-->> memoboard__emR4XzB4YzRfbGFzdF9pbnNlcnRfaW50b19tZW1vdGVtcGxhdGU= Session Saved
03:49:18 am ::-->> memoboard__U0FQSV9VU0VE Session Saved
03:49:50 am ::-->> memoboard__U0FQSV9VU0VE Session Saved
03:49:50 am ::-->> memoboard__emR4XzB4YzRfbGFzdF9pbnNlcnRfaW50b19tZW1vdGVtcGxhdGU= Session Saved
03:51:15 am ::-->> memoboard__U0FQSV9VU0VE Session Saved
03:51:51 am ::-->> memoboard__Trace_LifeTime Session Saved
03:51:51 am ::-->> memoboard__U0FQSV9VU0VE Session Saved
03:51:51 am ::-->> memoboard__emR4XzB4YzRfbGFzdF9pbnNlcnRfaW50b19tZW1vdGVtcGxhdGU= Session Saved
03:52:14 am ::-->> memoboard__U0FQSV9VU0VE Session Saved
03:52:17 am ::-->> memoboard__U0FQSV9VU0VE Session Saved
03:52:22 am ::-->> memoboard__U0FQSV9VU0VE Session Saved
03:54:19 am ::-->> memoboard__U0FQSV9VU0VE Session Saved
03:54:33 am ::-->> memoboard__U0FQSV9VU0VE Session Saved
03:54:39 am ::-->> memoboard__U0FQSV9VU0VE Session Saved
03:55:02 am ::-->> memoboard__U0FQSV9VU0VE Session Saved
03:58:25 am ::-->> memoboard__U0FQSV9VU0VE Session Saved
03:59:46 am ::-->> memoboard__U0FQSV9VU0VE Session Saved
04:00:24 am ::-->> memoboard__U0FQSV9VU0VE Session Saved
04:00:59 am ::-->> memoboard__U0FQSV9VU0VE Session Saved
04:01:16 am ::-->> memoboard__U0FQSV9VU0VE Session Saved
04:04:36 am ::-->> memoboard__U0FQSV9VU0VE Session Saved
04:05:34 am ::-->> memoboard__U0FQSV9VU0VE Session Saved
04:09:09 am ::-->> memoboard__Trace_LifeTime Session Saved
04:09:09 am ::-->> memoboard__U0FQSV9VU0VE Session Saved
04:09:54 am ::-->> memoboard__U0FQSV9VU0VE Session Saved
04:11:26 am ::-->> memoboard__U0FQSV9VU0VE Session Saved
04:13:06 am ::-->> memoboard__U0FQSV9VU0VE Session Saved
04:15:37 am ::-->> memoboard__U0FQSV9VU0VE Session Saved
04:16:41 am ::-->> memoboard__U0FQSV9VU0VE Session Saved
04:16:45 am ::-->> memoboard__U0FQSV9VU0VE Session Saved
04:16:54 am ::-->> memoboard__U0FQSV9VU0VE Session Saved
04:16:54 am ::-->> memoboard__U0FQSV9VU0VE Session Saved
12:52:50 pm ::-->> memoboard__Trace_LifeTime Session Saved
12:52:50 pm ::-->> memoboard__U0FQSV9VU0VE Session Saved
12:53:04 pm ::-->> memoboard__U0FQSV9VU0VE Session Saved
12:53:04 pm ::-->> memoboard__username Session Saved
12:53:04 pm ::-->> memoboard__QVVUSF9DRVJU Session Saved
12:53:04 pm ::-->> memoboard__U0FQSV9VU0VE Session Saved
12:53:31 pm ::-->> memoboard__U0FQSV9VU0VE Session Saved
12:53:47 pm ::-->> memoboard__U0FQSV9VU0VE Session Saved
12:53:59 pm ::-->> memoboard__U0FQSV9VU0VE Session Saved
12:54:18 pm ::-->> memoboard__U0FQSV9VU0VE Session Saved
12:59:37 pm ::-->> memoboard__U0FQSV9VU0VE Session Saved
12:59:57 pm ::-->> memoboard__U0FQSV9VU0VE Session Saved
01:03:59 pm ::-->> memoboard__U0FQSV9VU0VE Session Saved
01:06:30 pm ::-->> memoboard__U0FQSV9VU0VE Session Saved
01:06:41 pm ::-->> memoboard__U0FQSV9VU0VE Session Saved
01:07:05 pm ::-->> memoboard__U0FQSV9VU0VE Session Saved
01:07:07 pm ::-->> memoboard__U0FQSV9VU0VE Session Saved
01:07:07 pm ::-->> memoboard__Q1NSRl9GTEFH Session Saved
01:07:14 pm ::-->> memoboard__U0FQSV9VU0VE Session Saved
01:10:48 pm ::-->> memoboard__Trace_LifeTime Session Saved
01:10:48 pm ::-->> memoboard__U0FQSV9VU0VE Session Saved
01:10:48 pm ::-->> memoboard__Q1NSRl9GTEFH Session Saved
01:10:51 pm ::-->> memoboard__U0FQSV9VU0VE Session Saved
01:10:51 pm ::-->> memoboard__Q1NSRl9GTEFH Session Saved
01:11:22 pm ::-->> memoboard__U0FQSV9VU0VE Session Saved
01:11:22 pm ::-->> memoboard__Q1NSRl9GTEFH Session Saved
01:11:58 pm ::-->> memoboard__U0FQSV9VU0VE Session Saved
01:11:58 pm ::-->> memoboard__Q1NSRl9GTEFH Session Saved
01:44:00 pm ::-->> memoboard__Trace_LifeTime Session Saved
01:44:00 pm ::-->> memoboard__U0FQSV9VU0VE Session Saved
01:45:44 pm ::-->> memoboard__U0FQSV9VU0VE Session Saved
01:45:44 pm ::-->> memoboard__Q1NSRl9GTEFH Session Saved
01:45:48 pm ::-->> memoboard__U0FQSV9VU0VE Session Saved
01:45:48 pm ::-->> memoboard__Q1NSRl9GTEFH Session Saved
01:48:59 pm ::-->> memoboard__U0FQSV9VU0VE Session Saved
01:48:59 pm ::-->> memoboard__Q1NSRl9GTEFH Session Saved
01:49:46 pm ::-->> memoboard__U0FQSV9VU0VE Session Saved
01:49:46 pm ::-->> memoboard__Q1NSRl9GTEFH Session Saved
01:49:48 pm ::-->> memoboard__U0FQSV9VU0VE Session Saved
01:49:48 pm ::-->> memoboard__Q1NSRl9GTEFH Session Saved
01:49:53 pm ::-->> memoboard__U0FQSV9VU0VE Session Saved
01:49:53 pm ::-->> memoboard__MHhjNF9mb3JtX2Vycm9ycw== Session Saved
01:49:53 pm ::-->> memoboard__U0FQSV9VU0VE Session Saved
01:50:58 pm ::-->> memoboard__U0FQSV9VU0VE Session Saved
01:51:02 pm ::-->> memoboard__U0FQSV9VU0VE Session Saved
01:51:47 pm ::-->> memoboard__U0FQSV9VU0VE Session Saved
01:51:47 pm ::-->> memoboard__Q1NSRl9GTEFH Session Saved
01:52:09 pm ::-->> memoboard__U0FQSV9VU0VE Session Saved
01:52:09 pm ::-->> memoboard__Q1NSRl9GTEFH Session Saved
01:52:17 pm ::-->> memoboard__U0FQSV9VU0VE Session Saved
01:52:17 pm ::-->> memoboard__MHhjNF9mb3JtX2Vycm9ycw== Session Saved
01:52:17 pm ::-->> memoboard__U0FQSV9VU0VE Session Saved
01:52:17 pm ::-->> memoboard__Q1NSRl9GTEFH Session Saved
01:53:50 pm ::-->> memoboard__U0FQSV9VU0VE Session Saved
01:53:50 pm ::-->> memoboard__MHhjNF9mb3JtX2Vycm9ycw== Session Saved
01:53:50 pm ::-->> memoboard__U0FQSV9VU0VE Session Saved
01:53:50 pm ::-->> memoboard__Q1NSRl9GTEFH Session Saved
01:57:03 pm ::-->> memoboard__U0FQSV9VU0VE Session Saved
01:57:03 pm ::-->> memoboard__Q1NSRl9GTEFH Session Saved
01:57:09 pm ::-->> memoboard__U0FQSV9VU0VE Session Saved
01:57:09 pm ::-->> memoboard__MHhjNF9mb3JtX2Vycm9ycw== Session Saved
01:57:09 pm ::-->> memoboard__U0FQSV9VU0VE Session Saved
01:57:09 pm ::-->> memoboard__Q1NSRl9GTEFH Session Saved
01:57:36 pm ::-->> memoboard__U0FQSV9VU0VE Session Saved
01:57:36 pm ::-->> memoboard__Q1NSRl9GTEFH Session Saved
01:57:41 pm ::-->> memoboard__U0FQSV9VU0VE Session Saved
01:57:41 pm ::-->> memoboard__MHhjNF9mb3JtX2Vycm9ycw== Session Saved
01:57:41 pm ::-->> memoboard__U0FQSV9VU0VE Session Saved
01:57:41 pm ::-->> memoboard__Q1NSRl9GTEFH Session Saved
02:02:39 pm ::-->> memoboard__Trace_LifeTime Session Saved
02:02:39 pm ::-->> memoboard__U0FQSV9VU0VE Session Saved
02:02:39 pm ::-->> memoboard__Q1NSRl9GTEFH Session Saved
02:02:44 pm ::-->> memoboard__U0FQSV9VU0VE Session Saved
02:03:36 pm ::-->> memoboard__U0FQSV9VU0VE Session Saved
02:03:36 pm ::-->> memoboard__Q1NSRl9GTEFH Session Saved
02:03:43 pm ::-->> memoboard__U0FQSV9VU0VE Session Saved
02:03:43 pm ::-->> memoboard__MHhjNF9wYWdlX25vdGlmaWNhdGlvbnM= Session Saved
02:03:43 pm ::-->> memoboard__U0FQSV9VU0VE Session Saved
02:03:43 pm ::-->> memoboard__Q1NSRl9GTEFH Session Saved
02:06:03 pm ::-->> memoboard__U0FQSV9VU0VE Session Saved
02:06:03 pm ::-->> memoboard__Q1NSRl9GTEFH Session Saved
02:06:09 pm ::-->> memoboard__U0FQSV9VU0VE Session Saved
02:06:09 pm ::-->> memoboard__MHhjNF9wYWdlX25vdGlmaWNhdGlvbnM= Session Saved
02:06:09 pm ::-->> memoboard__U0FQSV9VU0VE Session Saved
02:06:09 pm ::-->> memoboard__Q1NSRl9GTEFH Session Saved
02:06:48 pm ::-->> memoboard__U0FQSV9VU0VE Session Saved
02:06:48 pm ::-->> memoboard__Q1NSRl9GTEFH Session Saved
02:07:02 pm ::-->> memoboard__U0FQSV9VU0VE Session Saved
02:07:02 pm ::-->> memoboard__MHhjNF9mb3JtX2Vycm9ycw== Session Saved
02:07:02 pm ::-->> memoboard__U0FQSV9VU0VE Session Saved
02:07:02 pm ::-->> memoboard__Q1NSRl9GTEFH Session Saved
02:08:19 pm ::-->> memoboard__U0FQSV9VU0VE Session Saved
02:08:19 pm ::-->> memoboard__Q1NSRl9GTEFH Session Saved
02:08:26 pm ::-->> memoboard__U0FQSV9VU0VE Session Saved
02:08:26 pm ::-->> memoboard__MHhjNF9mb3JtX2Vycm9ycw== Session Saved
02:08:26 pm ::-->> memoboard__U0FQSV9VU0VE Session Saved
02:08:26 pm ::-->> memoboard__Q1NSRl9GTEFH Session Saved
02:08:48 pm ::-->> memoboard__U0FQSV9VU0VE Session Saved
02:08:48 pm ::-->> memoboard__U0FQSV9VU0VE Session Saved
02:08:50 pm ::-->> memoboard__U0FQSV9VU0VE Session Saved
02:09:00 pm ::-->> memoboard__U0FQSV9VU0VE Session Saved
02:09:00 pm ::-->> memoboard__username Session Saved
02:09:00 pm ::-->> memoboard__QVVUSF9DRVJU Session Saved
02:09:00 pm ::-->> memoboard__U0FQSV9VU0VE Session Saved
02:09:05 pm ::-->> memoboard__U0FQSV9VU0VE Session Saved
02:09:05 pm ::-->> memoboard__Q1NSRl9GTEFH Session Saved
02:09:28 pm ::-->> memoboard__U0FQSV9VU0VE Session Saved
02:09:28 pm ::-->> memoboard__MHhjNF9wYWdlX25vdGlmaWNhdGlvbnM= Session Saved
02:09:28 pm ::-->> memoboard__U0FQSV9VU0VE Session Saved
02:11:29 pm ::-->> memoboard__U0FQSV9VU0VE Session Saved
02:11:29 pm ::-->> memoboard__username Session Saved
02:11:29 pm ::-->> memoboard__QVVUSF9DRVJU Session Saved
02:11:29 pm ::-->> memoboard__U0FQSV9VU0VE Session Saved
02:11:33 pm ::-->> memoboard__U0FQSV9VU0VE Session Saved
02:11:33 pm ::-->> memoboard__Q1NSRl9GTEFH Session Saved
02:11:51 pm ::-->> memoboard__U0FQSV9VU0VE Session Saved
02:11:51 pm ::-->> memoboard__MHhjNF9wYWdlX25vdGlmaWNhdGlvbnM= Session Saved
02:11:51 pm ::-->> memoboard__U0FQSV9VU0VE Session Saved
02:12:05 pm ::-->> memoboard__U0FQSV9VU0VE Session Saved
02:12:05 pm ::-->> memoboard__U0FQSV9VU0VE Session Saved
02:20:50 pm ::-->> memoboard__Trace_LifeTime Session Saved
02:20:50 pm ::-->> memoboard__U0FQSV9VU0VE Session Saved
02:20:56 pm ::-->> memoboard__U0FQSV9VU0VE Session Saved
02:21:11 pm ::-->> memoboard__U0FQSV9VU0VE Session Saved
02:21:11 pm ::-->> memoboard__username Session Saved
02:21:11 pm ::-->> memoboard__QVVUSF9DRVJU Session Saved
02:21:11 pm ::-->> memoboard__U0FQSV9VU0VE Session Saved
02:21:35 pm ::-->> memoboard__U0FQSV9VU0VE Session Saved
02:21:48 pm ::-->> memoboard__U0FQSV9VU0VE Session Saved
02:23:35 pm ::-->> memoboard__U0FQSV9VU0VE Session Saved
02:24:33 pm ::-->> memoboard__U0FQSV9VU0VE Session Saved
02:24:52 pm ::-->> memoboard__U0FQSV9VU0VE Session Saved
02:25:06 pm ::-->> memoboard__U0FQSV9VU0VE Session Saved
02:25:15 pm ::-->> memoboard__U0FQSV9VU0VE Session Saved
02:25:17 pm ::-->> memoboard__U0FQSV9VU0VE Session Saved
02:25:31 pm ::-->> memoboard__U0FQSV9VU0VE Session Saved
02:25:33 pm ::-->> memoboard__U0FQSV9VU0VE Session Saved
02:26:00 pm ::-->> memoboard__U0FQSV9VU0VE Session Saved
02:26:02 pm ::-->> memoboard__U0FQSV9VU0VE Session Saved
02:26:03 pm ::-->> memoboard__U0FQSV9VU0VE Session Saved
02:26:11 pm ::-->> memoboard__U0FQSV9VU0VE Session Saved
02:26:24 pm ::-->> memoboard__U0FQSV9VU0VE Session Saved
02:26:43 pm ::-->> memoboard__U0FQSV9VU0VE Session Saved
02:26:50 pm ::-->> memoboard__U0FQSV9VU0VE Session Saved
02:26:51 pm ::-->> memoboard__U0FQSV9VU0VE Session Saved
02:26:53 pm ::-->> memoboard__U0FQSV9VU0VE Session Saved
02:27:05 pm ::-->> memoboard__U0FQSV9VU0VE Session Saved
02:27:05 pm ::-->> memoboard__username Session Saved
02:27:05 pm ::-->> memoboard__QVVUSF9DRVJU Session Saved
02:27:05 pm ::-->> memoboard__U0FQSV9VU0VE Session Saved
02:29:01 pm ::-->> memoboard__U0FQSV9VU0VE Session Saved
02:45:40 pm ::-->> memoboard__Trace_LifeTime Session Saved
02:45:40 pm ::-->> memoboard__U0FQSV9VU0VE Session Saved
02:46:15 pm ::-->> memoboard__U0FQSV9VU0VE Session Saved
02:47:02 pm ::-->> memoboard__U0FQSV9VU0VE Session Saved
02:47:11 pm ::-->> memoboard__U0FQSV9VU0VE Session Saved
02:47:21 pm ::-->> memoboard__U0FQSV9VU0VE Session Saved
02:47:36 pm ::-->> memoboard__U0FQSV9VU0VE Session Saved
02:48:41 pm ::-->> memoboard__U0FQSV9VU0VE Session Saved
02:49:31 pm ::-->> memoboard__U0FQSV9VU0VE Session Saved
02:50:05 pm ::-->> memoboard__U0FQSV9VU0VE Session Saved
02:50:17 pm ::-->> memoboard__U0FQSV9VU0VE Session Saved
02:51:52 pm ::-->> memoboard__U0FQSV9VU0VE Session Saved
02:52:27 pm ::-->> memoboard__U0FQSV9VU0VE Session Saved
02:53:57 pm ::-->> memoboard__U0FQSV9VU0VE Session Saved
02:54:15 pm ::-->> memoboard__U0FQSV9VU0VE Session Saved
02:55:42 pm ::-->> memoboard__U0FQSV9VU0VE Session Saved
02:56:01 pm ::-->> memoboard__U0FQSV9VU0VE Session Saved
02:56:12 pm ::-->> memoboard__U0FQSV9VU0VE Session Saved
02:56:29 pm ::-->> memoboard__U0FQSV9VU0VE Session Saved
02:57:02 pm ::-->> memoboard__U0FQSV9VU0VE Session Saved
02:58:21 pm ::-->> memoboard__U0FQSV9VU0VE Session Saved
02:59:23 pm ::-->> memoboard__U0FQSV9VU0VE Session Saved
03:00:02 pm ::-->> memoboard__U0FQSV9VU0VE Session Saved
03:00:11 pm ::-->> memoboard__U0FQSV9VU0VE Session Saved
03:00:18 pm ::-->> memoboard__U0FQSV9VU0VE Session Saved
03:01:12 pm ::-->> memoboard__Trace_LifeTime Session Saved
03:01:12 pm ::-->> memoboard__U0FQSV9VU0VE Session Saved
03:01:34 pm ::-->> memoboard__U0FQSV9VU0VE Session Saved
03:02:12 pm ::-->> memoboard__U0FQSV9VU0VE Session Saved
03:03:12 pm ::-->> memoboard__U0FQSV9VU0VE Session Saved
03:04:45 pm ::-->> memoboard__U0FQSV9VU0VE Session Saved
03:12:01 pm ::-->> memoboard__U0FQSV9VU0VE Session Saved
03:12:01 pm ::-->> memoboard__emR4XzB4YzRfbGFzdF9pbnNlcnRfaW50b19tZW1v Session Saved
03:12:06 pm ::-->> memoboard__U0FQSV9VU0VE Session Saved
03:12:14 pm ::-->> memoboard__U0FQSV9VU0VE Session Saved
03:12:14 pm ::-->> memoboard__U0FQSV9VU0VE Session Saved
03:12:17 pm ::-->> memoboard__U0FQSV9VU0VE Session Saved
03:12:27 pm ::-->> memoboard__U0FQSV9VU0VE Session Saved
03:12:27 pm ::-->> memoboard__username Session Saved
03:12:27 pm ::-->> memoboard__QVVUSF9DRVJU Session Saved
03:12:27 pm ::-->> memoboard__U0FQSV9VU0VE Session Saved
03:12:55 pm ::-->> memoboard__U0FQSV9VU0VE Session Saved
03:15:06 pm ::-->> memoboard__U0FQSV9VU0VE Session Saved
03:15:11 pm ::-->> memoboard__U0FQSV9VU0VE Session Saved
03:18:10 pm ::-->> memoboard__Trace_LifeTime Session Saved
03:18:10 pm ::-->> memoboard__U0FQSV9VU0VE Session Saved
03:18:10 pm ::-->> memoboard__emR4XzB4YzRfbGFzdF9pbnNlcnRfaW50b19tZW1vdGVtcGxhdGU= Session Saved
03:18:18 pm ::-->> memoboard__U0FQSV9VU0VE Session Saved
03:18:59 pm ::-->> memoboard__U0FQSV9VU0VE Session Saved
03:19:05 pm ::-->> memoboard__U0FQSV9VU0VE Session Saved
03:19:14 pm ::-->> memoboard__U0FQSV9VU0VE Session Saved
03:20:17 pm ::-->> memoboard__U0FQSV9VU0VE Session Saved
03:20:22 pm ::-->> memoboard__U0FQSV9VU0VE Session Saved
03:20:25 pm ::-->> memoboard__U0FQSV9VU0VE Session Saved
03:20:31 pm ::-->> memoboard__U0FQSV9VU0VE Session Saved
03:20:59 pm ::-->> memoboard__U0FQSV9VU0VE Session Saved
03:21:02 pm ::-->> memoboard__U0FQSV9VU0VE Session Saved
03:21:05 pm ::-->> memoboard__U0FQSV9VU0VE Session Saved
03:21:12 pm ::-->> memoboard__U0FQSV9VU0VE Session Saved
03:22:13 pm ::-->> memoboard__U0FQSV9VU0VE Session Saved
03:22:34 pm ::-->> memoboard__U0FQSV9VU0VE Session Saved
03:23:02 pm ::-->> memoboard__U0FQSV9VU0VE Session Saved
03:23:04 pm ::-->> memoboard__U0FQSV9VU0VE Session Saved
03:23:10 pm ::-->> memoboard__U0FQSV9VU0VE Session Saved
03:23:18 pm ::-->> memoboard__U0FQSV9VU0VE Session Saved
03:24:02 pm ::-->> memoboard__U0FQSV9VU0VE Session Saved
03:24:41 pm ::-->> memoboard__U0FQSV9VU0VE Session Saved
03:32:10 pm ::-->> memoboard__U0FQSV9VU0VE Session Saved
03:32:18 pm ::-->> memoboard__U0FQSV9VU0VE Session Saved
03:33:08 pm ::-->> memoboard__U0FQSV9VU0VE Session Saved
03:33:17 pm ::-->> memoboard__Trace_LifeTime Session Saved
03:33:17 pm ::-->> memoboard__U0FQSV9VU0VE Session Saved
03:33:23 pm ::-->> memoboard__U0FQSV9VU0VE Session Saved
03:33:51 pm ::-->> memoboard__U0FQSV9VU0VE Session Saved
03:33:56 pm ::-->> memoboard__U0FQSV9VU0VE Session Saved
03:34:21 pm ::-->> memoboard__U0FQSV9VU0VE Session Saved
03:36:25 pm ::-->> memoboard__U0FQSV9VU0VE Session Saved
03:36:29 pm ::-->> memoboard__U0FQSV9VU0VE Session Saved
03:36:33 pm ::-->> memoboard__U0FQSV9VU0VE Session Saved
03:36:46 pm ::-->> memoboard__U0FQSV9VU0VE Session Saved
03:36:51 pm ::-->> memoboard__U0FQSV9VU0VE Session Saved
03:37:29 pm ::-->> memoboard__U0FQSV9VU0VE Session Saved
03:37:29 pm ::-->> memoboard__Q1NSRl9GTEFH Session Saved
03:37:36 pm ::-->> memoboard__U0FQSV9VU0VE Session Saved
03:37:36 pm ::-->> memoboard__MHhjNF9mb3JtX2Vycm9ycw== Session Saved
03:37:36 pm ::-->> memoboard__U0FQSV9VU0VE Session Saved
03:37:36 pm ::-->> memoboard__Q1NSRl9GTEFH Session Saved
03:37:43 pm ::-->> memoboard__U0FQSV9VU0VE Session Saved
03:38:58 pm ::-->> memoboard__U0FQSV9VU0VE Session Saved
03:39:06 pm ::-->> memoboard__U0FQSV9VU0VE Session Saved
03:39:13 pm ::-->> memoboard__U0FQSV9VU0VE Session Saved
03:39:26 pm ::-->> memoboard__U0FQSV9VU0VE Session Saved
03:39:26 pm ::-->> memoboard__U0FQSV9VU0VE Session Saved
03:39:39 pm ::-->> memoboard__U0FQSV9VU0VE Session Saved
03:40:23 pm ::-->> memoboard__U0FQSV9VU0VE Session Saved
03:40:23 pm ::-->> memoboard__username Session Saved
03:40:23 pm ::-->> memoboard__QVVUSF9DRVJU Session Saved
03:40:23 pm ::-->> memoboard__U0FQSV9VU0VE Session Saved
03:40:33 pm ::-->> memoboard__U0FQSV9VU0VE Session Saved
03:41:45 pm ::-->> memoboard__U0FQSV9VU0VE Session Saved
03:42:53 pm ::-->> memoboard__U0FQSV9VU0VE Session Saved
03:42:53 pm ::-->> memoboard__emR4XzB4YzRfbGFzdF9pbnNlcnRfaW50b191c2Vycw== Session Saved
03:43:23 pm ::-->> memoboard__U0FQSV9VU0VE Session Saved
03:43:41 pm ::-->> memoboard__U0FQSV9VU0VE Session Saved
03:46:18 pm ::-->> memoboard__U0FQSV9VU0VE Session Saved
03:48:35 pm ::-->> memoboard__Trace_LifeTime Session Saved
03:48:35 pm ::-->> memoboard__U0FQSV9VU0VE Session Saved
03:49:19 pm ::-->> memoboard__U0FQSV9VU0VE Session Saved
03:49:29 pm ::-->> memoboard__U0FQSV9VU0VE Session Saved
03:49:53 pm ::-->> memoboard__U0FQSV9VU0VE Session Saved
03:49:53 pm ::-->> memoboard__U0FQSV9VU0VE Session Saved
03:49:59 pm ::-->> memoboard__U0FQSV9VU0VE Session Saved
03:50:15 pm ::-->> memoboard__U0FQSV9VU0VE Session Saved
03:50:15 pm ::-->> memoboard__username Session Saved
03:50:15 pm ::-->> memoboard__QVVUSF9DRVJU Session Saved
03:50:15 pm ::-->> memoboard__U0FQSV9VU0VE Session Saved
03:50:20 pm ::-->> memoboard__U0FQSV9VU0VE Session Saved
03:50:23 pm ::-->> memoboard__U0FQSV9VU0VE Session Saved
03:57:43 pm ::-->> memoboard__U0FQSV9VU0VE Session Saved
04:11:07 pm ::-->> memoboard__Trace_LifeTime Session Saved
04:11:07 pm ::-->> memoboard__U0FQSV9VU0VE Session Saved
04:11:07 pm ::-->> memoboard__U0FQSV9VU0VE Session Saved
