04:37:52 am ::-->> memoboard__U0FQSV9VU0VE Session Saved
04:38:27 am ::-->> memoboard__Trace_LifeTime Session Saved
04:38:27 am ::-->> memoboard__U0FQSV9VU0VE Session Saved
04:38:55 am ::-->> memoboard__U0FQSV9VU0VE Session Saved
04:39:11 am ::-->> memoboard__U0FQSV9VU0VE Session Saved
04:39:31 am ::-->> memoboard__U0FQSV9VU0VE Session Saved
04:39:58 am ::-->> memoboard__U0FQSV9VU0VE Session Saved
04:40:18 am ::-->> memoboard__U0FQSV9VU0VE Session Saved
04:40:45 am ::-->> memoboard__U0FQSV9VU0VE Session Saved
04:41:25 am ::-->> memoboard__U0FQSV9VU0VE Session Saved
04:41:56 am ::-->> memoboard__U0FQSV9VU0VE Session Saved
04:42:34 am ::-->> memoboard__U0FQSV9VU0VE Session Saved
04:42:55 am ::-->> memoboard__U0FQSV9VU0VE Session Saved
04:44:46 am ::-->> memoboard__U0FQSV9VU0VE Session Saved
04:45:39 am ::-->> memoboard__U0FQSV9VU0VE Session Saved
04:47:26 am ::-->> memoboard__U0FQSV9VU0VE Session Saved
04:47:31 am ::-->> memoboard__U0FQSV9VU0VE Session Saved
04:53:29 am ::-->> memoboard__Trace_LifeTime Session Saved
04:53:29 am ::-->> memoboard__U0FQSV9VU0VE Session Saved
04:56:15 am ::-->> memoboard__U0FQSV9VU0VE Session Saved
04:58:30 am ::-->> memoboard__U0FQSV9VU0VE Session Saved
04:58:45 am ::-->> memoboard__U0FQSV9VU0VE Session Saved
05:00:30 am ::-->> memoboard__U0FQSV9VU0VE Session Saved
05:00:38 am ::-->> memoboard__U0FQSV9VU0VE Session Saved
05:16:06 am ::-->> memoboard__Trace_LifeTime Session Saved
05:16:06 am ::-->> memoboard__U0FQSV9VU0VE Session Saved
05:17:41 am ::-->> memoboard__U0FQSV9VU0VE Session Saved
05:19:35 am ::-->> memoboard__U0FQSV9VU0VE Session Saved
05:47:01 am ::-->> memoboard__Trace_LifeTime Session Saved
05:47:01 am ::-->> memoboard__U0FQSV9VU0VE Session Saved
05:51:23 am ::-->> memoboard__U0FQSV9VU0VE Session Saved
05:55:01 am ::-->> memoboard__U0FQSV9VU0VE Session Saved
05:55:06 am ::-->> memoboard__U0FQSV9VU0VE Session Saved
05:55:50 am ::-->> memoboard__U0FQSV9VU0VE Session Saved
05:56:31 am ::-->> memoboard__U0FQSV9VU0VE Session Saved
05:56:45 am ::-->> memoboard__U0FQSV9VU0VE Session Saved
05:56:45 am ::-->> memoboard__username Session Saved
05:56:49 am ::-->> memoboard__U0FQSV9VU0VE Session Saved
05:57:51 am ::-->> memoboard__U0FQSV9VU0VE Session Saved
05:58:10 am ::-->> memoboard__U0FQSV9VU0VE Session Saved
05:58:10 am ::-->> memoboard__username Session Saved
05:58:10 am ::-->> memoboard__U0FQSV9VU0VE Session Saved
05:59:33 am ::-->> memoboard__U0FQSV9VU0VE Session Saved
06:00:27 am ::-->> memoboard__U0FQSV9VU0VE Session Saved
06:07:17 am ::-->> memoboard__Trace_LifeTime Session Saved
06:07:17 am ::-->> memoboard__U0FQSV9VU0VE Session Saved
06:08:34 am ::-->> memoboard__U0FQSV9VU0VE Session Saved
06:17:06 am ::-->> memoboard__U0FQSV9VU0VE Session Saved
06:17:22 am ::-->> memoboard__U0FQSV9VU0VE Session Saved
06:18:16 am ::-->> memoboard__U0FQSV9VU0VE Session Saved
06:33:14 am ::-->> memoboard__Trace_LifeTime Session Saved
06:33:14 am ::-->> memoboard__U0FQSV9VU0VE Session Saved
06:35:35 am ::-->> memoboard__U0FQSV9VU0VE Session Saved
06:35:50 am ::-->> memoboard__U0FQSV9VU0VE Session Saved
06:36:14 am ::-->> memoboard__U0FQSV9VU0VE Session Saved
06:42:07 am ::-->> memoboard__U0FQSV9VU0VE Session Saved
06:42:56 am ::-->> memoboard__U0FQSV9VU0VE Session Saved
06:43:25 am ::-->> memoboard__U0FQSV9VU0VE Session Saved
06:43:41 am ::-->> memoboard__U0FQSV9VU0VE Session Saved
06:44:02 am ::-->> memoboard__U0FQSV9VU0VE Session Saved
06:45:31 am ::-->> memoboard__U0FQSV9VU0VE Session Saved
06:53:35 am ::-->> memoboard__Trace_LifeTime Session Saved
06:53:35 am ::-->> memoboard__U0FQSV9VU0VE Session Saved
06:56:23 am ::-->> memoboard__U0FQSV9VU0VE Session Saved
06:56:48 am ::-->> memoboard__U0FQSV9VU0VE Session Saved
06:57:16 am ::-->> memoboard__U0FQSV9VU0VE Session Saved
06:59:36 am ::-->> memoboard__U0FQSV9VU0VE Session Saved
07:00:28 am ::-->> memoboard__U0FQSV9VU0VE Session Saved
07:01:03 am ::-->> memoboard__U0FQSV9VU0VE Session Saved
07:01:15 am ::-->> memoboard__U0FQSV9VU0VE Session Saved
07:01:22 am ::-->> memoboard__U0FQSV9VU0VE Session Saved
07:01:30 am ::-->> memoboard__U0FQSV9VU0VE Session Saved
07:01:41 am ::-->> memoboard__U0FQSV9VU0VE Session Saved
07:02:12 am ::-->> memoboard__U0FQSV9VU0VE Session Saved
07:02:21 am ::-->> memoboard__U0FQSV9VU0VE Session Saved
07:02:29 am ::-->> memoboard__U0FQSV9VU0VE Session Saved
07:02:46 am ::-->> memoboard__U0FQSV9VU0VE Session Saved
07:04:23 am ::-->> memoboard__U0FQSV9VU0VE Session Saved
07:05:13 am ::-->> memoboard__U0FQSV9VU0VE Session Saved
07:05:37 am ::-->> memoboard__U0FQSV9VU0VE Session Saved
07:09:29 am ::-->> memoboard__Trace_LifeTime Session Saved
07:09:29 am ::-->> memoboard__U0FQSV9VU0VE Session Saved
07:11:00 am ::-->> memoboard__U0FQSV9VU0VE Session Saved
07:26:27 am ::-->> memoboard__Trace_LifeTime Session Saved
07:26:27 am ::-->> memoboard__U0FQSV9VU0VE Session Saved
07:29:09 am ::-->> memoboard__U0FQSV9VU0VE Session Saved
07:46:16 am ::-->> memoboard__Trace_LifeTime Session Saved
07:46:16 am ::-->> memoboard__U0FQSV9VU0VE Session Saved
07:46:54 am ::-->> memoboard__U0FQSV9VU0VE Session Saved
07:49:16 am ::-->> memoboard__U0FQSV9VU0VE Session Saved
07:49:57 am ::-->> memoboard__U0FQSV9VU0VE Session Saved
07:50:38 am ::-->> memoboard__U0FQSV9VU0VE Session Saved
07:51:13 am ::-->> memoboard__U0FQSV9VU0VE Session Saved
07:51:39 am ::-->> memoboard__U0FQSV9VU0VE Session Saved
07:58:17 am ::-->> memoboard__U0FQSV9VU0VE Session Saved
07:58:37 am ::-->> memoboard__U0FQSV9VU0VE Session Saved
07:59:16 am ::-->> memoboard__U0FQSV9VU0VE Session Saved
08:01:17 am ::-->> memoboard__Trace_LifeTime Session Saved
08:01:17 am ::-->> memoboard__U0FQSV9VU0VE Session Saved
08:01:17 am ::-->> memoboard__emR4XzB4YzRfbGFzdF9pbnNlcnRfaW50b191c2Vycw== Session Saved
08:02:13 am ::-->> memoboard__U0FQSV9VU0VE Session Saved
08:07:53 am ::-->> memoboard__U0FQSV9VU0VE Session Saved
08:08:05 am ::-->> memoboard__U0FQSV9VU0VE Session Saved
08:08:26 am ::-->> memoboard__U0FQSV9VU0VE Session Saved
08:08:42 am ::-->> memoboard__U0FQSV9VU0VE Session Saved
08:09:04 am ::-->> memoboard__U0FQSV9VU0VE Session Saved
08:29:29 am ::-->> memoboard__Trace_LifeTime Session Saved
08:29:29 am ::-->> memoboard__U0FQSV9VU0VE Session Saved
08:30:02 am ::-->> memoboard__U0FQSV9VU0VE Session Saved
08:30:50 am ::-->> memoboard__U0FQSV9VU0VE Session Saved
08:31:18 am ::-->> memoboard__U0FQSV9VU0VE Session Saved
08:32:27 am ::-->> memoboard__U0FQSV9VU0VE Session Saved
08:33:15 am ::-->> memoboard__U0FQSV9VU0VE Session Saved
09:12:21 am ::-->> memoboard__Trace_LifeTime Session Saved
09:12:21 am ::-->> memoboard__U0FQSV9VU0VE Session Saved
09:13:03 am ::-->> memoboard__U0FQSV9VU0VE Session Saved
09:13:45 am ::-->> memoboard__U0FQSV9VU0VE Session Saved
09:14:36 am ::-->> memoboard__U0FQSV9VU0VE Session Saved
09:17:06 am ::-->> memoboard__U0FQSV9VU0VE Session Saved
09:18:31 am ::-->> memoboard__U0FQSV9VU0VE Session Saved
09:20:18 am ::-->> memoboard__U0FQSV9VU0VE Session Saved
09:20:18 am ::-->> memoboard__emR4XzB4YzRfbGFzdF9pbnNlcnRfaW50b19tZW1v Session Saved
09:31:29 am ::-->> memoboard__Trace_LifeTime Session Saved
09:31:29 am ::-->> memoboard__U0FQSV9VU0VE Session Saved
09:31:37 am ::-->> memoboard__U0FQSV9VU0VE Session Saved
09:31:38 am ::-->> memoboard__U0FQSV9VU0VE Session Saved
09:32:07 am ::-->> memoboard__U0FQSV9VU0VE Session Saved
09:32:10 am ::-->> memoboard__U0FQSV9VU0VE Session Saved
09:32:12 am ::-->> memoboard__U0FQSV9VU0VE Session Saved
09:32:12 am ::-->> memoboard__U0FQSV9VU0VE Session Saved
09:32:15 am ::-->> memoboard__U0FQSV9VU0VE Session Saved
09:32:22 am ::-->> memoboard__U0FQSV9VU0VE Session Saved
09:32:57 am ::-->> memoboard__U0FQSV9VU0VE Session Saved
09:33:00 am ::-->> memoboard__U0FQSV9VU0VE Session Saved
09:34:33 am ::-->> memoboard__U0FQSV9VU0VE Session Saved
09:34:43 am ::-->> memoboard__U0FQSV9VU0VE Session Saved
09:34:43 am ::-->> memoboard__U0FQSV9VU0VE Session Saved
09:34:52 am ::-->> memoboard__U0FQSV9VU0VE Session Saved
09:36:00 am ::-->> memoboard__U0FQSV9VU0VE Session Saved
09:36:02 am ::-->> memoboard__U0FQSV9VU0VE Session Saved
09:36:12 am ::-->> memoboard__U0FQSV9VU0VE Session Saved
09:38:07 am ::-->> memoboard__U0FQSV9VU0VE Session Saved
09:38:31 am ::-->> memoboard__U0FQSV9VU0VE Session Saved
09:39:19 am ::-->> memoboard__U0FQSV9VU0VE Session Saved
09:39:24 am ::-->> memoboard__U0FQSV9VU0VE Session Saved
09:42:24 am ::-->> memoboard__U0FQSV9VU0VE Session Saved
09:44:01 am ::-->> memoboard__U0FQSV9VU0VE Session Saved
09:45:06 am ::-->> memoboard__U0FQSV9VU0VE Session Saved
09:45:41 am ::-->> memoboard__U0FQSV9VU0VE Session Saved
09:46:42 am ::-->> memoboard__Trace_LifeTime Session Saved
09:46:42 am ::-->> memoboard__U0FQSV9VU0VE Session Saved
09:47:24 am ::-->> memoboard__U0FQSV9VU0VE Session Saved
09:48:14 am ::-->> memoboard__U0FQSV9VU0VE Session Saved
09:50:23 am ::-->> memoboard__U0FQSV9VU0VE Session Saved
09:50:51 am ::-->> memoboard__U0FQSV9VU0VE Session Saved
09:51:37 am ::-->> memoboard__U0FQSV9VU0VE Session Saved
09:54:31 am ::-->> memoboard__U0FQSV9VU0VE Session Saved
09:54:56 am ::-->> memoboard__U0FQSV9VU0VE Session Saved
09:55:48 am ::-->> memoboard__U0FQSV9VU0VE Session Saved
09:56:42 am ::-->> memoboard__U0FQSV9VU0VE Session Saved
09:57:16 am ::-->> memoboard__U0FQSV9VU0VE Session Saved
09:57:35 am ::-->> memoboard__U0FQSV9VU0VE Session Saved
09:58:32 am ::-->> memoboard__U0FQSV9VU0VE Session Saved
09:59:04 am ::-->> memoboard__U0FQSV9VU0VE Session Saved
10:00:39 am ::-->> memoboard__U0FQSV9VU0VE Session Saved
10:01:01 am ::-->> memoboard__U0FQSV9VU0VE Session Saved
10:01:01 am ::-->> memoboard__U0FQSV9VU0VE Session Saved
10:01:20 am ::-->> memoboard__U0FQSV9VU0VE Session Saved
10:01:20 am ::-->> memoboard__username Session Saved
10:01:20 am ::-->> memoboard__U0FQSV9VU0VE Session Saved
10:01:20 am ::-->> memoboard__U0FQSV9VU0VE Session Saved
10:01:31 am ::-->> memoboard__U0FQSV9VU0VE Session Saved
10:01:31 am ::-->> memoboard__username Session Saved
10:01:31 am ::-->> memoboard__U0FQSV9VU0VE Session Saved
10:01:31 am ::-->> memoboard__U0FQSV9VU0VE Session Saved
10:02:27 am ::-->> memoboard__Trace_LifeTime Session Saved
10:02:27 am ::-->> memoboard__U0FQSV9VU0VE Session Saved
10:02:38 am ::-->> memoboard__U0FQSV9VU0VE Session Saved
10:02:38 am ::-->> memoboard__username Session Saved
10:02:38 am ::-->> memoboard__U0FQSV9VU0VE Session Saved
10:23:22 am ::-->> memoboard__Trace_LifeTime Session Saved
10:23:22 am ::-->> memoboard__U0FQSV9VU0VE Session Saved
10:23:22 am ::-->> memoboard__U0FQSV9VU0VE Session Saved
10:23:40 am ::-->> memoboard__U0FQSV9VU0VE Session Saved
10:23:40 am ::-->> memoboard__username Session Saved
10:23:40 am ::-->> memoboard__U0FQSV9VU0VE Session Saved
10:23:40 am ::-->> memoboard__U0FQSV9VU0VE Session Saved
10:25:14 am ::-->> memoboard__U0FQSV9VU0VE Session Saved
10:25:14 am ::-->> memoboard__username Session Saved
10:25:14 am ::-->> memoboard__U0FQSV9VU0VE Session Saved
10:25:19 am ::-->> memoboard__U0FQSV9VU0VE Session Saved
10:34:17 am ::-->> memoboard__U0FQSV9VU0VE Session Saved
10:34:25 am ::-->> memoboard__U0FQSV9VU0VE Session Saved
10:34:37 am ::-->> memoboard__U0FQSV9VU0VE Session Saved
10:40:52 am ::-->> memoboard__Trace_LifeTime Session Saved
10:40:52 am ::-->> memoboard__U0FQSV9VU0VE Session Saved
10:40:56 am ::-->> memoboard__U0FQSV9VU0VE Session Saved
10:41:12 am ::-->> memoboard__U0FQSV9VU0VE Session Saved
10:42:15 am ::-->> memoboard__U0FQSV9VU0VE Session Saved
10:42:25 am ::-->> memoboard__U0FQSV9VU0VE Session Saved
10:42:25 am ::-->> memoboard__username Session Saved
10:42:25 am ::-->> memoboard__QVVUSF9DRVJU Session Saved
10:42:25 am ::-->> memoboard__U0FQSV9VU0VE Session Saved
10:42:39 am ::-->> memoboard__U0FQSV9VU0VE Session Saved
10:44:17 am ::-->> memoboard__U0FQSV9VU0VE Session Saved
10:46:36 am ::-->> memoboard__U0FQSV9VU0VE Session Saved
10:47:06 am ::-->> memoboard__U0FQSV9VU0VE Session Saved
10:49:21 am ::-->> memoboard__U0FQSV9VU0VE Session Saved
10:49:21 am ::-->> memoboard__emR4XzB4YzRfbGFzdF9pbnNlcnRfaW50b19tZW1v Session Saved
10:49:35 am ::-->> memoboard__U0FQSV9VU0VE Session Saved
10:49:53 am ::-->> memoboard__U0FQSV9VU0VE Session Saved
10:49:53 am ::-->> memoboard__U0FQSV9VU0VE Session Saved
10:50:48 am ::-->> memoboard__U0FQSV9VU0VE Session Saved
10:51:24 am ::-->> memoboard__U0FQSV9VU0VE Session Saved
10:51:24 am ::-->> memoboard__username Session Saved
10:51:24 am ::-->> memoboard__QVVUSF9DRVJU Session Saved
10:51:24 am ::-->> memoboard__U0FQSV9VU0VE Session Saved
10:51:40 am ::-->> memoboard__U0FQSV9VU0VE Session Saved
10:51:40 am ::-->> memoboard__U0FQSV9VU0VE Session Saved
10:51:43 am ::-->> memoboard__U0FQSV9VU0VE Session Saved
10:51:58 am ::-->> memoboard__U0FQSV9VU0VE Session Saved
10:51:58 am ::-->> memoboard__username Session Saved
10:51:58 am ::-->> memoboard__QVVUSF9DRVJU Session Saved
10:51:58 am ::-->> memoboard__U0FQSV9VU0VE Session Saved
10:52:50 am ::-->> memoboard__U0FQSV9VU0VE Session Saved
